{"/Users/flanuza/Desktop/web_naser_23/src/frontend/src/App.jsx": {"path":"/Users/flanuza/Desktop/web_naser_23/src/frontend/src/App.jsx","all":false,"statementMap":{"0":{"start":{"line":1,"column":0},"end":{"line":1,"column":54}},"1":{"start":{"line":2,"column":0},"end":{"line":2,"column":18}},"4":{"start":{"line":5,"column":0},"end":{"line":5,"column":62}},"5":{"start":{"line":6,"column":0},"end":{"line":6,"column":55}},"6":{"start":{"line":7,"column":0},"end":{"line":7,"column":57}},"7":{"start":{"line":8,"column":0},"end":{"line":8,"column":52}},"8":{"start":{"line":9,"column":0},"end":{"line":9,"column":63}},"10":{"start":{"line":11,"column":0},"end":{"line":11,"column":16}},"11":{"start":{"line":12,"column":0},"end":{"line":12,"column":10}},"12":{"start":{"line":13,"column":0},"end":{"line":13,"column":6}},"13":{"start":{"line":14,"column":0},"end":{"line":14,"column":14}},"14":{"start":{"line":15,"column":0},"end":{"line":15,"column":13}},"15":{"start":{"line":16,"column":0},"end":{"line":16,"column":14}},"16":{"start":{"line":17,"column":0},"end":{"line":17,"column":45}},"17":{"start":{"line":18,"column":0},"end":{"line":18,"column":57}},"18":{"start":{"line":19,"column":0},"end":{"line":19,"column":59}},"19":{"start":{"line":20,"column":0},"end":{"line":20,"column":55}},"20":{"start":{"line":21,"column":0},"end":{"line":21,"column":15}},"21":{"start":{"line":22,"column":0},"end":{"line":22,"column":14}},"22":{"start":{"line":23,"column":0},"end":{"line":23,"column":15}},"24":{"start":{"line":25,"column":0},"end":{"line":25,"column":12}},"25":{"start":{"line":26,"column":0},"end":{"line":26,"column":16}},"26":{"start":{"line":27,"column":0},"end":{"line":27,"column":47}},"27":{"start":{"line":28,"column":0},"end":{"line":28,"column":59}},"28":{"start":{"line":29,"column":0},"end":{"line":29,"column":61}},"29":{"start":{"line":30,"column":0},"end":{"line":30,"column":57}},"30":{"start":{"line":31,"column":0},"end":{"line":31,"column":51}},"31":{"start":{"line":32,"column":0},"end":{"line":32,"column":17}},"32":{"start":{"line":33,"column":0},"end":{"line":33,"column":13}},"34":{"start":{"line":35,"column":0},"end":{"line":35,"column":14}},"35":{"start":{"line":36,"column":0},"end":{"line":36,"column":82}},"36":{"start":{"line":37,"column":0},"end":{"line":37,"column":15}},"37":{"start":{"line":38,"column":0},"end":{"line":38,"column":7}},"39":{"start":{"line":40,"column":0},"end":{"line":40,"column":1}},"41":{"start":{"line":42,"column":0},"end":{"line":42,"column":18}}},"s":{"0":1,"1":1,"4":1,"5":1,"6":1,"7":1,"8":1,"10":4,"11":4,"12":4,"13":4,"14":4,"15":4,"16":4,"17":4,"18":4,"19":4,"20":4,"21":4,"22":4,"24":4,"25":4,"26":4,"27":4,"28":4,"29":4,"30":4,"31":4,"32":4,"34":4,"35":4,"36":4,"37":4,"39":4,"41":1},"branchMap":{"0":{"type":"branch","line":5,"loc":{"start":{"line":5,"column":13},"end":{"line":5,"column":62}},"locations":[{"start":{"line":5,"column":13},"end":{"line":5,"column":62}}]},"1":{"type":"branch","line":11,"loc":{"start":{"line":11,"column":0},"end":{"line":40,"column":1}},"locations":[{"start":{"line":11,"column":0},"end":{"line":40,"column":1}}]}},"b":{"0":[4],"1":[4]},"fnMap":{"0":{"name":"Home","decl":{"start":{"line":5,"column":13},"end":{"line":5,"column":62}},"loc":{"start":{"line":5,"column":13},"end":{"line":5,"column":62}},"line":5},"1":{"name":"Services","decl":{"start":{"line":6,"column":17},"end":{"line":6,"column":55}},"loc":{"start":{"line":6,"column":17},"end":{"line":6,"column":55}},"line":6},"2":{"name":"Locations","decl":{"start":{"line":7,"column":18},"end":{"line":7,"column":57}},"loc":{"start":{"line":7,"column":18},"end":{"line":7,"column":57}},"line":7},"3":{"name":"Contact","decl":{"start":{"line":8,"column":16},"end":{"line":8,"column":52}},"loc":{"start":{"line":8,"column":16},"end":{"line":8,"column":52}},"line":8},"4":{"name":"NotFound","decl":{"start":{"line":9,"column":17},"end":{"line":9,"column":63}},"loc":{"start":{"line":9,"column":17},"end":{"line":9,"column":63}},"line":9},"5":{"name":"App","decl":{"start":{"line":11,"column":0},"end":{"line":40,"column":1}},"loc":{"start":{"line":11,"column":0},"end":{"line":40,"column":1}},"line":11}},"f":{"0":4,"1":0,"2":0,"3":0,"4":0,"5":4}}
,"/Users/flanuza/Desktop/web_naser_23/src/frontend/src/main.jsx": {"path":"/Users/flanuza/Desktop/web_naser_23/src/frontend/src/main.jsx","all":true,"statementMap":{"0":{"start":{"line":1,"column":0},"end":{"line":1,"column":34}},"1":{"start":{"line":2,"column":0},"end":{"line":2,"column":45}},"2":{"start":{"line":3,"column":0},"end":{"line":3,"column":48}},"3":{"start":{"line":4,"column":0},"end":{"line":4,"column":20}},"4":{"start":{"line":5,"column":0},"end":{"line":5,"column":27}},"6":{"start":{"line":7,"column":0},"end":{"line":7,"column":51}},"7":{"start":{"line":8,"column":0},"end":{"line":8,"column":14}},"8":{"start":{"line":9,"column":0},"end":{"line":9,"column":19}},"9":{"start":{"line":10,"column":0},"end":{"line":10,"column":13}},"10":{"start":{"line":11,"column":0},"end":{"line":11,"column":20}},"11":{"start":{"line":12,"column":0},"end":{"line":12,"column":16}},"12":{"start":{"line":13,"column":0},"end":{"line":13,"column":1}}},"s":{"0":0,"1":0,"2":0,"3":0,"4":0,"6":0,"7":0,"8":0,"9":0,"10":0,"11":0,"12":0},"branchMap":{"0":{"type":"branch","line":1,"loc":{"start":{"line":1,"column":320},"end":{"line":13,"column":1}},"locations":[{"start":{"line":1,"column":320},"end":{"line":13,"column":1}}]}},"b":{"0":[0]},"fnMap":{"0":{"name":"(empty-report)","decl":{"start":{"line":1,"column":320},"end":{"line":13,"column":1}},"loc":{"start":{"line":1,"column":320},"end":{"line":13,"column":1}},"line":1}},"f":{"0":0}}
}
